
scontrol show job 18745
JobId=18745 JobName=interactive
   UserId=fryday(3141466) GroupId=fryday(3141466) MCS_label=N/A
   Priority=201636 Nice=0 Account=def-hallett-ab QOS=normal
   JobState=COMPLETING Reason=TimeLimit Dependency=(null)
   Requeue=0 Restarts=0 BatchFlag=0 Reboot=0 ExitCode=0:0
   RunTime=08:00:12 TimeLimit=08:00:00 TimeMin=N/A
   SubmitTime=2025-09-14T16:17:33 EligibleTime=2025-09-14T16:17:33
   AccrueTime=2025-09-14T16:17:33
   StartTime=2025-09-14T16:25:39 EndTime=2025-09-15T00:25:51 Deadline=N/A
   SuspendTime=None SecsPreSuspend=0 LastSchedEval=2025-09-14T16:25:39 Scheduler=Backfill
   Partition=compute AllocNode:Sid=trig-login01:863836
   ReqNodeList=(null) ExcNodeList=(null)
   NodeList=trig0041
   BatchHost=trig0041
   NumNodes=1 NumCPUs=16 NumTasks=1 CPUs/Task=16 ReqB:S:C:T=0:0:*:*
   ReqTRES=cpu=16,mem=192500M,node=1,billing=1,gres/gpu=1
   AllocTRES=cpu=16,mem=192500M,node=1,billing=1,gres/gpu=1
   Socks/Node=* NtasksPerN:B:S:C=0:0:*:* CoreSpec=*
   MinCPUsNode=16 MinMemoryNode=192500M MinTmpDiskNode=0
   Features=(null) DelayBoot=00:00:00
   OverSubscribe=OK Contiguous=0 Licenses=(null) Network=(null)
   Command=/bin/sh
   WorkDir=/scratch/fryday/DQ-Former
   Comment=/opt/slurm/bin/salloc --account=def-hallett-ab --gpus-per-node=1 --cpus-per-task=16 --time=8:00:00 
   TresPerNode=gres/gpu:1
   TresPerTask=cpu=16
   

sacct -j 18745
JobID           JobName    Account    Elapsed  MaxVMSize     MaxRSS  SystemCPU    UserCPU ExitCode 
------------ ---------- ---------- ---------- ---------- ---------- ---------- ---------- -------- 
18745        interacti+ def-halle+   08:00:12                        58:10.678   04:03:12      0:0 
18745.inter+ interacti+ def-halle+   08:01:11          0  40356744K  58:10.676   04:03:12      0:9 
18745.extern     extern def-halle+   08:01:11          0          0  00:00.001   00:00:00      0:0 

